19:36:42.760 [main] INFO  testCases.TC001_AccountRegistration - ****Starting Home page .....
19:36:43.832 [main] INFO  testCases.TC001_AccountRegistration - ****Starting registration page .....
19:36:43.837 [main] INFO  testCases.TC001_AccountRegistration - ****Provide registration details .....
19:36:48.154 [main] INFO  testCases.TC001_AccountRegistration - ****Verify the message success .....
19:45:42.585 [main] INFO  testCases.TC001_AccountRegistration - ****Starting Home page .....
19:45:43.593 [main] INFO  testCases.TC001_AccountRegistration - ****Starting registration page .....
19:45:43.605 [main] INFO  testCases.TC001_AccountRegistration - ****Provide registration details .....
19:47:23.665 [main] INFO  testCases.TC001_AccountRegistration - ****Starting Home page .....
19:47:24.649 [main] INFO  testCases.TC001_AccountRegistration - ****Starting registration page .....
19:47:24.662 [main] INFO  testCases.TC001_AccountRegistration - ****Provide registration details .....
19:48:24.080 [main] INFO  testCases.TC001_AccountRegistration - ****Starting Home page .....
19:48:25.009 [main] INFO  testCases.TC001_AccountRegistration - ****Starting registration page .....
19:48:25.014 [main] INFO  testCases.TC001_AccountRegistration - ****Provide registration details .....
11:45:07.076 [main] INFO  testCases.TC001_AccountRegistration - ****Starting Home page .....
11:45:08.999 [main] INFO  testCases.TC001_AccountRegistration - ****Starting registration page .....
11:45:09.003 [main] INFO  testCases.TC001_AccountRegistration - ****Provide registration details .....
11:45:13.820 [main] INFO  testCases.TC001_AccountRegistration - ****Validate expected message.....
11:45:13.820 [main] INFO  testCases.TC001_AccountRegistration - ****Verify the message successfull .....
11:45:13.823 [main] INFO  testCases.TC001_AccountRegistration - ***Finished TC*****
11:46:42.762 [main] INFO  testCases.TC001_AccountRegistration - ****Starting Home page .....
11:46:43.766 [main] INFO  testCases.TC001_AccountRegistration - ****Starting registration page .....
11:46:43.769 [main] INFO  testCases.TC001_AccountRegistration - ****Provide registration details .....
11:46:48.013 [main] INFO  testCases.TC001_AccountRegistration - ****Validate expected message.....
11:46:48.014 [main] ERROR testCases.TC001_AccountRegistration - test Failed
11:46:48.014 [main] WARN  testCases.TC001_AccountRegistration - warning show 
11:46:48.014 [main] INFO  testCases.TC001_AccountRegistration - ***Failed tC*****
11:46:48.014 [main] INFO  testCases.TC001_AccountRegistration - ***Finished TC*****
11:50:41.750 [main] INFO  testCases.TC001_AccountRegistration - ****Starting Home page .....
11:50:42.925 [main] INFO  testCases.TC001_AccountRegistration - ****Starting registration page .....
11:50:42.931 [main] INFO  testCases.TC001_AccountRegistration - ****Provide registration details .....
11:50:47.092 [main] INFO  testCases.TC001_AccountRegistration - ****Validate expected message.....
11:50:47.093 [main] ERROR testCases.TC001_AccountRegistration - test Failed
11:50:47.093 [main] DEBUG testCases.TC001_AccountRegistration - Debug log
11:50:47.093 [main] WARN  testCases.TC001_AccountRegistration - warning show 
11:50:47.093 [main] INFO  testCases.TC001_AccountRegistration - ***Failed tC*****
11:50:47.093 [main] INFO  testCases.TC001_AccountRegistration - ***Finished TC*****
11:51:26.879 [main] INFO  testCases.TC001_AccountRegistration - ****Starting Home page .....
11:51:28.139 [main] INFO  testCases.TC001_AccountRegistration - ****Starting registration page .....
11:51:28.145 [main] INFO  testCases.TC001_AccountRegistration - ****Provide registration details .....
11:51:32.218 [main] INFO  testCases.TC001_AccountRegistration - ****Validate expected message.....
11:51:32.218 [main] ERROR testCases.TC001_AccountRegistration - test Failed
11:51:32.218 [main] DEBUG testCases.TC001_AccountRegistration - Debug log
11:51:32.218 [main] WARN  testCases.TC001_AccountRegistration - warning show 
11:51:32.218 [main] INFO  testCases.TC001_AccountRegistration - ***Failed tC*****
11:51:32.220 [main] INFO  testCases.TC001_AccountRegistration - ***Finished TC*****
